<?xml version="1.0" encoding="UTF-8"?>
<!-- Generated by org.testng.reporters.JUnitReportReporter -->
<testsuite hostname="LAPTOP-V8HO2LFD" failures="0" tests="1" name="testPackage.TestActiTimeLogout" time="43.152" errors="0" timestamp="2022-02-26T09:56:15 IST" skipped="0">
  <testcase classname="testPackage.TestActiTimeLogout" name="testActiTimeLogout" time="43.152"/>
  <system-out/>
</testsuite> <!-- testPackage.TestActiTimeLogout -->
