<?xml version="1.0" encoding="UTF-8"?>
<!-- Generated by org.testng.reporters.JUnitReportReporter -->
<testsuite hostname="LAPTOP-V8HO2LFD" failures="0" tests="1" name="com.mystore.testcases.LoginPageTest" time="18.393" errors="1" timestamp="2022-03-01T23:26:22 IST" skipped="0">
  <testcase classname="com.mystore.testcases.LoginPageTest" name="loginTest" time="18.393">
    <error type="java.lang.StackOverflowError">
      <![CDATA[java.lang.StackOverflowError
at com.mystore.utility.Log.info(Log.java:22)
at com.mystore.utility.Log.info(Log.java:22)
at com.mystore.utility.Log.info(Log.java:22)
at com.mystore.utility.Log.info(Log.java:22)
at com.mystore.utility.Log.info(Log.java:22)
at com.mystore.utility.Log.info(Log.java:22)
at com.mystore.utility.Log.info(Log.java:22)
at com.mystore.utility.Log.info(Log.java:22)
at com.mystore.utility.Log.info(Log.java:22)
at com.mystore.utility.Log.info(Log.java:22)
at com.mystore.utility.Log.info(Log.java:22)
at com.mystore.utility.Log.info(Log.java:22)
at com.mystore.utility.Log.info(Log.java:22)
at com.mystore.utility.Log.info(Log.java:22)
at com.mystore.utility.Log.info(Log.java:22)
at com.mystore.utility.Log.info(Log.java:22)
at com.mystore.utility.Log.info(Log.java:22)
at com.mystore.utility.Log.info(Log.java:22)
at com.mystore.utility.Log.info(Log.java:22)
at com.mystore.utility.Log.info(Log.java:22)
at com.mystore.utility.Log.info(Log.java:22)
at com.mystore.utility.Log.info(Log.java:22)
at com.mystore.utility.Log.info(Log.java:22)
at com.mystore.utility.Log.info(Log.java:22)
at com.mystore.utility.Log.info(Log.java:22)
at com.mystore.utility.Log.info(Log.java:22)
at com.mystore.utility.Log.info(Log.java:22)
at com.mystore.utility.Log.info(Log.java:22)
at com.mystore.utility.Log.info(Log.java:22)
at com.mystore.utility.Log.info(Log.java:22)
at com.mystore.utility.Log.info(Log.java:22)
at com.mystore.utility.Log.info(Log.java:22)
at com.mystore.utility.Log.info(Log.java:22)
at com.mystore.utility.Log.info(Log.java:22)
at com.mystore.utility.Log.info(Log.java:22)
at com.mystore.utility.Log.info(Log.java:22)
at com.mystore.utility.Log.info(Log.java:22)
at com.mystore.utility.Log.info(Log.java:22)
at com.mystore.utility.Log.info(Log.java:22)
at com.mystore.utility.Log.info(Log.java:22)
at com.mystore.utility.Log.info(Log.java:22)
at com.mystore.utility.Log.info(Log.java:22)
at com.mystore.utility.Log.info(Log.java:22)
at com.mystore.utility.Log.info(Log.java:22)
at com.mystore.utility.Log.info(Log.java:22)
at com.mystore.utility.Log.info(Log.java:22)
at com.mystore.utility.Log.info(Log.java:22)
at com.mystore.utility.Log.info(Log.java:22)
at com.mystore.utility.Log.info(Log.java:22)
at com.mystore.utility.Log.info(Log.java:22)
at com.mystore.utility.Log.info(Log.java:22)
at com.mystore.utility.Log.info(Log.java:22)
at com.mystore.utility.Log.info(Log.java:22)
at com.mystore.utility.Log.info(Log.java:22)
at com.mystore.utility.Log.info(Log.java:22)
at com.mystore.utility.Log.info(Log.java:22)
at com.mystore.utility.Log.info(Log.java:22)
at com.mystore.utility.Log.info(Log.java:22)
at com.mystore.utility.Log.info(Log.java:22)
at com.mystore.utility.Log.info(Log.java:22)
at com.mystore.utility.Log.info(Log.java:22)
at com.mystore.utility.Log.info(Log.java:22)
at com.mystore.utility.Log.info(Log.java:22)
at com.mystore.utility.Log.info(Log.java:22)
at com.mystore.utility.Log.info(Log.java:22)
at com.mystore.utility.Log.info(Log.java:22)
at com.mystore.utility.Log.info(Log.java:22)
at com.mystore.utility.Log.info(Log.java:22)
at com.mystore.utility.Log.info(Log.java:22)
at com.mystore.utility.Log.info(Log.java:22)
at com.mystore.utility.Log.info(Log.java:22)
at com.mystore.utility.Log.info(Log.java:22)
at com.mystore.utility.Log.info(Log.java:22)
at com.mystore.utility.Log.info(Log.java:22)
at com.mystore.utility.Log.info(Log.java:22)
at com.mystore.utility.Log.info(Log.java:22)
at com.mystore.utility.Log.info(Log.java:22)
at com.mystore.utility.Log.info(Log.java:22)
at com.mystore.utility.Log.info(Log.java:22)
at com.mystore.utility.Log.info(Log.java:22)
at com.mystore.utility.Log.info(Log.java:22)
at com.mystore.utility.Log.info(Log.java:22)
at com.mystore.utility.Log.info(Log.java:22)
at com.mystore.utility.Log.info(Log.java:22)
at com.mystore.utility.Log.info(Log.java:22)
at com.mystore.utility.Log.info(Log.java:22)
at com.mystore.utility.Log.info(Log.java:22)
at com.mystore.utility.Log.info(Log.java:22)
at com.mystore.utility.Log.info(Log.java:22)
at com.mystore.utility.Log.info(Log.java:22)
at com.mystore.utility.Log.info(Log.java:22)
at com.mystore.utility.Log.info(Log.java:22)
at com.mystore.utility.Log.info(Log.java:22)
at com.mystore.utility.Log.info(Log.java:22)
at com.mystore.utility.Log.info(Log.java:22)
at com.mystore.utility.Log.info(Log.java:22)
at com.mystore.utility.Log.info(Log.java:22)
at com.mystore.utility.Log.info(Log.java:22)
at com.mystore.utility.Log.info(Log.java:22)
at com.mystore.utility.Log.info(Log.java:22)
at com.mystore.utility.Log.info(Log.java:22)
at com.mystore.utility.Log.info(Log.java:22)
at com.mystore.utility.Log.info(Log.java:22)
at com.mystore.utility.Log.info(Log.java:22)
at com.mystore.utility.Log.info(Log.java:22)
at com.mystore.utility.Log.info(Log.java:22)
at com.mystore.utility.Log.info(Log.java:22)
at com.mystore.utility.Log.info(Log.java:22)
at com.mystore.utility.Log.info(Log.java:22)
at com.mystore.utility.Log.info(Log.java:22)
at com.mystore.utility.Log.info(Log.java:22)
at com.mystore.utility.Log.info(Log.java:22)
at com.mystore.utility.Log.info(Log.java:22)
at com.mystore.utility.Log.info(Log.java:22)
at com.mystore.utility.Log.info(Log.java:22)
at com.mystore.utility.Log.info(Log.java:22)
at com.mystore.utility.Log.info(Log.java:22)
at com.mystore.utility.Log.info(Log.java:22)
at com.mystore.utility.Log.info(Log.java:22)
at com.mystore.utility.Log.info(Log.java:22)
at com.mystore.utility.Log.info(Log.java:22)
at com.mystore.utility.Log.info(Log.java:22)
at com.mystore.utility.Log.info(Log.java:22)
at com.mystore.utility.Log.info(Log.java:22)
at com.mystore.utility.Log.info(Log.java:22)
at com.mystore.utility.Log.info(Log.java:22)
at com.mystore.utility.Log.info(Log.java:22)
at com.mystore.utility.Log.info(Log.java:22)
at com.mystore.utility.Log.info(Log.java:22)
at com.mystore.utility.Log.info(Log.java:22)
at com.mystore.utility.Log.info(Log.java:22)
at com.mystore.utility.Log.info(Log.java:22)
at com.mystore.utility.Log.info(Log.java:22)
at com.mystore.utility.Log.info(Log.java:22)
at com.mystore.utility.Log.info(Log.java:22)
at com.mystore.utility.Log.info(Log.java:22)
at com.mystore.utility.Log.info(Log.java:22)
at com.mystore.utility.Log.info(Log.java:22)
at com.mystore.utility.Log.info(Log.java:22)
at com.mystore.utility.Log.info(Log.java:22)
at com.mystore.utility.Log.info(Log.java:22)
at com.mystore.utility.Log.info(Log.java:22)
at com.mystore.utility.Log.info(Log.java:22)
at com.mystore.utility.Log.info(Log.java:22)
at com.mystore.utility.Log.info(Log.java:22)
at com.mystore.utility.Log.info(Log.java:22)
at com.mystore.utility.Log.info(Log.java:22)
at com.mystore.utility.Log.info(Log.java:22)
at com.mystore.utility.Log.info(Log.java:22)
at com.mystore.utility.Log.info(Log.java:22)
at com.mystore.utility.Log.info(Log.java:22)
at com.mystore.utility.Log.info(Log.java:22)
at com.mystore.utility.Log.info(Log.java:22)
at com.mystore.utility.Log.info(Log.java:22)
at com.mystore.utility.Log.info(Log.java:22)
at com.mystore.utility.Log.info(Log.java:22)
at com.mystore.utility.Log.info(Log.java:22)
at com.mystore.utility.Log.info(Log.java:22)
at com.mystore.utility.Log.info(Log.java:22)
at com.mystore.utility.Log.info(Log.java:22)
at com.mystore.utility.Log.info(Log.java:22)
at com.mystore.utility.Log.info(Log.java:22)
at com.mystore.utility.Log.info(Log.java:22)
at com.mystore.utility.Log.info(Log.java:22)
at com.mystore.utility.Log.info(Log.java:22)
at com.mystore.utility.Log.info(Log.java:22)
at com.mystore.utility.Log.info(Log.java:22)
at com.mystore.utility.Log.info(Log.java:22)
at com.mystore.utility.Log.info(Log.java:22)
at com.mystore.utility.Log.info(Log.java:22)
at com.mystore.utility.Log.info(Log.java:22)
at com.mystore.utility.Log.info(Log.java:22)
at com.mystore.utility.Log.info(Log.java:22)
at com.mystore.utility.Log.info(Log.java:22)
at com.mystore.utility.Log.info(Log.java:22)
at com.mystore.utility.Log.info(Log.java:22)
at com.mystore.utility.Log.info(Log.java:22)
at com.mystore.utility.Log.info(Log.java:22)
at com.mystore.utility.Log.info(Log.java:22)
at com.mystore.utility.Log.info(Log.java:22)
at com.mystore.utility.Log.info(Log.java:22)
at com.mystore.utility.Log.info(Log.java:22)
at com.mystore.utility.Log.info(Log.java:22)
at com.mystore.utility.Log.info(Log.java:22)
at com.mystore.utility.Log.info(Log.java:22)
at com.mystore.utility.Log.info(Log.java:22)
at com.mystore.utility.Log.info(Log.java:22)
at com.mystore.utility.Log.info(Log.java:22)
at com.mystore.utility.Log.info(Log.java:22)
at com.mystore.utility.Log.info(Log.java:22)
at com.mystore.utility.Log.info(Log.java:22)
at com.mystore.utility.Log.info(Log.java:22)
at com.mystore.utility.Log.info(Log.java:22)
at com.mystore.utility.Log.info(Log.java:22)
at com.mystore.utility.Log.info(Log.java:22)
at com.mystore.utility.Log.info(Log.java:22)
at com.mystore.utility.Log.info(Log.java:22)
at com.mystore.utility.Log.info(Log.java:22)
at com.mystore.utility.Log.info(Log.java:22)
at com.mystore.utility.Log.info(Log.java:22)
at com.mystore.utility.Log.info(Log.java:22)
at com.mystore.utility.Log.info(Log.java:22)
at com.mystore.utility.Log.info(Log.java:22)
at com.mystore.utility.Log.info(Log.java:22)
at com.mystore.utility.Log.info(Log.java:22)
at com.mystore.utility.Log.info(Log.java:22)
at com.mystore.utility.Log.info(Log.java:22)
at com.mystore.utility.Log.info(Log.java:22)
at com.mystore.utility.Log.info(Log.java:22)
at com.mystore.utility.Log.info(Log.java:22)
at com.mystore.utility.Log.info(Log.java:22)
at com.mystore.utility.Log.info(Log.java:22)
at com.mystore.utility.Log.info(Log.java:22)
at com.mystore.utility.Log.info(Log.java:22)
at com.mystore.utility.Log.info(Log.java:22)
at com.mystore.utility.Log.info(Log.java:22)
at com.mystore.utility.Log.info(Log.java:22)
at com.mystore.utility.Log.info(Log.java:22)
at com.mystore.utility.Log.info(Log.java:22)
at com.mystore.utility.Log.info(Log.java:22)
at com.mystore.utility.Log.info(Log.java:22)
at com.mystore.utility.Log.info(Log.java:22)
at com.mystore.utility.Log.info(Log.java:22)
at com.mystore.utility.Log.info(Log.java:22)
at com.mystore.utility.Log.info(Log.java:22)
at com.mystore.utility.Log.info(Log.java:22)
at com.mystore.utility.Log.info(Log.java:22)
at com.mystore.utility.Log.info(Log.java:22)
at com.mystore.utility.Log.info(Log.java:22)
at com.mystore.utility.Log.info(Log.java:22)
at com.mystore.utility.Log.info(Log.java:22)
at com.mystore.utility.Log.info(Log.java:22)
at com.mystore.utility.Log.info(Log.java:22)
at com.mystore.utility.Log.info(Log.java:22)
at com.mystore.utility.Log.info(Log.java:22)
at com.mystore.utility.Log.info(Log.java:22)
at com.mystore.utility.Log.info(Log.java:22)
at com.mystore.utility.Log.info(Log.java:22)
at com.mystore.utility.Log.info(Log.java:22)
at com.mystore.utility.Log.info(Log.java:22)
at com.mystore.utility.Log.info(Log.java:22)
at com.mystore.utility.Log.info(Log.java:22)
at com.mystore.utility.Log.info(Log.java:22)
at com.mystore.utility.Log.info(Log.java:22)
at com.mystore.utility.Log.info(Log.java:22)
at com.mystore.utility.Log.info(Log.java:22)
at com.mystore.utility.Log.info(Log.java:22)
at com.mystore.utility.Log.info(Log.java:22)
at com.mystore.utility.Log.info(Log.java:22)
at com.mystore.utility.Log.info(Log.java:22)
at com.mystore.utility.Log.info(Log.java:22)
at com.mystore.utility.Log.info(Log.java:22)
at com.mystore.utility.Log.info(Log.java:22)
at com.mystore.utility.Log.info(Log.java:22)
at com.mystore.utility.Log.info(Log.java:22)
at com.mystore.utility.Log.info(Log.java:22)
at com.mystore.utility.Log.info(Log.java:22)
at com.mystore.utility.Log.info(Log.java:22)
at com.mystore.utility.Log.info(Log.java:22)
at com.mystore.utility.Log.info(Log.java:22)
at com.mystore.utility.Log.info(Log.java:22)
at com.mystore.utility.Log.info(Log.java:22)
at com.mystore.utility.Log.info(Log.java:22)
at com.mystore.utility.Log.info(Log.java:22)
at com.mystore.utility.Log.info(Log.java:22)
at com.mystore.utility.Log.info(Log.java:22)
at com.mystore.utility.Log.info(Log.java:22)
at com.mystore.utility.Log.info(Log.java:22)
at com.mystore.utility.Log.info(Log.java:22)
at com.mystore.utility.Log.info(Log.java:22)
at com.mystore.utility.Log.info(Log.java:22)
at com.mystore.utility.Log.info(Log.java:22)
at com.mystore.utility.Log.info(Log.java:22)
at com.mystore.utility.Log.info(Log.java:22)
at com.mystore.utility.Log.info(Log.java:22)
at com.mystore.utility.Log.info(Log.java:22)
at com.mystore.utility.Log.info(Log.java:22)
at com.mystore.utility.Log.info(Log.java:22)
at com.mystore.utility.Log.info(Log.java:22)
at com.mystore.utility.Log.info(Log.java:22)
at com.mystore.utility.Log.info(Log.java:22)
at com.mystore.utility.Log.info(Log.java:22)
at com.mystore.utility.Log.info(Log.java:22)
at com.mystore.utility.Log.info(Log.java:22)
at com.mystore.utility.Log.info(Log.java:22)
at com.mystore.utility.Log.info(Log.java:22)
at com.mystore.utility.Log.info(Log.java:22)
at com.mystore.utility.Log.info(Log.java:22)
at com.mystore.utility.Log.info(Log.java:22)
at com.mystore.utility.Log.info(Log.java:22)
at com.mystore.utility.Log.info(Log.java:22)
at com.mystore.utility.Log.info(Log.java:22)
at com.mystore.utility.Log.info(Log.java:22)
at com.mystore.utility.Log.info(Log.java:22)
at com.mystore.utility.Log.info(Log.java:22)
at com.mystore.utility.Log.info(Log.java:22)
at com.mystore.utility.Log.info(Log.java:22)
at com.mystore.utility.Log.info(Log.java:22)
at com.mystore.utility.Log.info(Log.java:22)
at com.mystore.utility.Log.info(Log.java:22)
at com.mystore.utility.Log.info(Log.java:22)
at com.mystore.utility.Log.info(Log.java:22)
at com.mystore.utility.Log.info(Log.java:22)
at com.mystore.utility.Log.info(Log.java:22)
at com.mystore.utility.Log.info(Log.java:22)
at com.mystore.utility.Log.info(Log.java:22)
at com.mystore.utility.Log.info(Log.java:22)
at com.mystore.utility.Log.info(Log.java:22)
at com.mystore.utility.Log.info(Log.java:22)
at com.mystore.utility.Log.info(Log.java:22)
at com.mystore.utility.Log.info(Log.java:22)
at com.mystore.utility.Log.info(Log.java:22)
at com.mystore.utility.Log.info(Log.java:22)
at com.mystore.utility.Log.info(Log.java:22)
at com.mystore.utility.Log.info(Log.java:22)
at com.mystore.utility.Log.info(Log.java:22)
at com.mystore.utility.Log.info(Log.java:22)
at com.mystore.utility.Log.info(Log.java:22)
at com.mystore.utility.Log.info(Log.java:22)
at com.mystore.utility.Log.info(Log.java:22)
at com.mystore.utility.Log.info(Log.java:22)
at com.mystore.utility.Log.info(Log.java:22)
at com.mystore.utility.Log.info(Log.java:22)
at com.mystore.utility.Log.info(Log.java:22)
at com.mystore.utility.Log.info(Log.java:22)
at com.mystore.utility.Log.info(Log.java:22)
at com.mystore.utility.Log.info(Log.java:22)
at com.mystore.utility.Log.info(Log.java:22)
at com.mystore.utility.Log.info(Log.java:22)
at com.mystore.utility.Log.info(Log.java:22)
at com.mystore.utility.Log.info(Log.java:22)
at com.mystore.utility.Log.info(Log.java:22)
at com.mystore.utility.Log.info(Log.java:22)
at com.mystore.utility.Log.info(Log.java:22)
at com.mystore.utility.Log.info(Log.java:22)
at com.mystore.utility.Log.info(Log.java:22)
at com.mystore.utility.Log.info(Log.java:22)
at com.mystore.utility.Log.info(Log.java:22)
at com.mystore.utility.Log.info(Log.java:22)
at com.mystore.utility.Log.info(Log.java:22)
at com.mystore.utility.Log.info(Log.java:22)
at com.mystore.utility.Log.info(Log.java:22)
at com.mystore.utility.Log.info(Log.java:22)
at com.mystore.utility.Log.info(Log.java:22)
at com.mystore.utility.Log.info(Log.java:22)
at com.mystore.utility.Log.info(Log.java:22)
at com.mystore.utility.Log.info(Log.java:22)
at com.mystore.utility.Log.info(Log.java:22)
at com.mystore.utility.Log.info(Log.java:22)
at com.mystore.utility.Log.info(Log.java:22)
at com.mystore.utility.Log.info(Log.java:22)
at com.mystore.utility.Log.info(Log.java:22)
at com.mystore.utility.Log.info(Log.java:22)
at com.mystore.utility.Log.info(Log.java:22)
at com.mystore.utility.Log.info(Log.java:22)
at com.mystore.utility.Log.info(Log.java:22)
at com.mystore.utility.Log.info(Log.java:22)
at com.mystore.utility.Log.info(Log.java:22)
at com.mystore.utility.Log.info(Log.java:22)
at com.mystore.utility.Log.info(Log.java:22)
at com.mystore.utility.Log.info(Log.java:22)
at com.mystore.utility.Log.info(Log.java:22)
at com.mystore.utility.Log.info(Log.java:22)
at com.mystore.utility.Log.info(Log.java:22)
at com.mystore.utility.Log.info(Log.java:22)
at com.mystore.utility.Log.info(Log.java:22)
at com.mystore.utility.Log.info(Log.java:22)
at com.mystore.utility.Log.info(Log.java:22)
at com.mystore.utility.Log.info(Log.java:22)
at com.mystore.utility.Log.info(Log.java:22)
at com.mystore.utility.Log.info(Log.java:22)
at com.mystore.utility.Log.info(Log.java:22)
at com.mystore.utility.Log.info(Log.java:22)
at com.mystore.utility.Log.info(Log.java:22)
at com.mystore.utility.Log.info(Log.java:22)
at com.mystore.utility.Log.info(Log.java:22)
at com.mystore.utility.Log.info(Log.java:22)
at com.mystore.utility.Log.info(Log.java:22)
at com.mystore.utility.Log.info(Log.java:22)
at com.mystore.utility.Log.info(Log.java:22)
at com.mystore.utility.Log.info(Log.java:22)
at com.mystore.utility.Log.info(Log.java:22)
at com.mystore.utility.Log.info(Log.java:22)
at com.mystore.utility.Log.info(Log.java:22)
at com.mystore.utility.Log.info(Log.java:22)
at com.mystore.utility.Log.info(Log.java:22)
at com.mystore.utility.Log.info(Log.java:22)
at com.mystore.utility.Log.info(Log.java:22)
at com.mystore.utility.Log.info(Log.java:22)
at com.mystore.utility.Log.info(Log.java:22)
at com.mystore.utility.Log.info(Log.java:22)
at com.mystore.utility.Log.info(Log.java:22)
at com.mystore.utility.Log.info(Log.java:22)
at com.mystore.utility.Log.info(Log.java:22)
at com.mystore.utility.Log.info(Log.java:22)
at com.mystore.utility.Log.info(Log.java:22)
at com.mystore.utility.Log.info(Log.java:22)
at com.mystore.utility.Log.info(Log.java:22)
at com.mystore.utility.Log.info(Log.java:22)
at com.mystore.utility.Log.info(Log.java:22)
at com.mystore.utility.Log.info(Log.java:22)
at com.mystore.utility.Log.info(Log.java:22)
at com.mystore.utility.Log.info(Log.java:22)
at com.mystore.utility.Log.info(Log.java:22)
at com.mystore.utility.Log.info(Log.java:22)
at com.mystore.utility.Log.info(Log.java:22)
at com.mystore.utility.Log.info(Log.java:22)
at com.mystore.utility.Log.info(Log.java:22)
at com.mystore.utility.Log.info(Log.java:22)
at com.mystore.utility.Log.info(Log.java:22)
at com.mystore.utility.Log.info(Log.java:22)
at com.mystore.utility.Log.info(Log.java:22)
at com.mystore.utility.Log.info(Log.java:22)
at com.mystore.utility.Log.info(Log.java:22)
at com.mystore.utility.Log.info(Log.java:22)
at com.mystore.utility.Log.info(Log.java:22)
at com.mystore.utility.Log.info(Log.java:22)
at com.mystore.utility.Log.info(Log.java:22)
at com.mystore.utility.Log.info(Log.java:22)
at com.mystore.utility.Log.info(Log.java:22)
at com.mystore.utility.Log.info(Log.java:22)
at com.mystore.utility.Log.info(Log.java:22)
at com.mystore.utility.Log.info(Log.java:22)
at com.mystore.utility.Log.info(Log.java:22)
at com.mystore.utility.Log.info(Log.java:22)
at com.mystore.utility.Log.info(Log.java:22)
at com.mystore.utility.Log.info(Log.java:22)
at com.mystore.utility.Log.info(Log.java:22)
at com.mystore.utility.Log.info(Log.java:22)
at com.mystore.utility.Log.info(Log.java:22)
at com.mystore.utility.Log.info(Log.java:22)
at com.mystore.utility.Log.info(Log.java:22)
at com.mystore.utility.Log.info(Log.java:22)
at com.mystore.utility.Log.info(Log.java:22)
at com.mystore.utility.Log.info(Log.java:22)
at com.mystore.utility.Log.info(Log.java:22)
at com.mystore.utility.Log.info(Log.java:22)
at com.mystore.utility.Log.info(Log.java:22)
at com.mystore.utility.Log.info(Log.java:22)
at com.mystore.utility.Log.info(Log.java:22)
at com.mystore.utility.Log.info(Log.java:22)
at com.mystore.utility.Log.info(Log.java:22)
at com.mystore.utility.Log.info(Log.java:22)
at com.mystore.utility.Log.info(Log.java:22)
at com.mystore.utility.Log.info(Log.java:22)
at com.mystore.utility.Log.info(Log.java:22)
at com.mystore.utility.Log.info(Log.java:22)
at com.mystore.utility.Log.info(Log.java:22)
at com.mystore.utility.Log.info(Log.java:22)
at com.mystore.utility.Log.info(Log.java:22)
at com.mystore.utility.Log.info(Log.java:22)
at com.mystore.utility.Log.info(Log.java:22)
at com.mystore.utility.Log.info(Log.java:22)
at com.mystore.utility.Log.info(Log.java:22)
at com.mystore.utility.Log.info(Log.java:22)
at com.mystore.utility.Log.info(Log.java:22)
at com.mystore.utility.Log.info(Log.java:22)
at com.mystore.utility.Log.info(Log.java:22)
at com.mystore.utility.Log.info(Log.java:22)
at com.mystore.utility.Log.info(Log.java:22)
at com.mystore.utility.Log.info(Log.java:22)
at com.mystore.utility.Log.info(Log.java:22)
at com.mystore.utility.Log.info(Log.java:22)
at com.mystore.utility.Log.info(Log.java:22)
at com.mystore.utility.Log.info(Log.java:22)
at com.mystore.utility.Log.info(Log.java:22)
at com.mystore.utility.Log.info(Log.java:22)
at com.mystore.utility.Log.info(Log.java:22)
at com.mystore.utility.Log.info(Log.java:22)
at com.mystore.utility.Log.info(Log.java:22)
at com.mystore.utility.Log.info(Log.java:22)
at com.mystore.utility.Log.info(Log.java:22)
at com.mystore.utility.Log.info(Log.java:22)
at com.mystore.utility.Log.info(Log.java:22)
at com.mystore.utility.Log.info(Log.java:22)
at com.mystore.utility.Log.info(Log.java:22)
at com.mystore.utility.Log.info(Log.java:22)
at com.mystore.utility.Log.info(Log.java:22)
at com.mystore.utility.Log.info(Log.java:22)
at com.mystore.utility.Log.info(Log.java:22)
at com.mystore.utility.Log.info(Log.java:22)
at com.mystore.utility.Log.info(Log.java:22)
at com.mystore.utility.Log.info(Log.java:22)
at com.mystore.utility.Log.info(Log.java:22)
at com.mystore.utility.Log.info(Log.java:22)
at com.mystore.utility.Log.info(Log.java:22)
at com.mystore.utility.Log.info(Log.java:22)
at com.mystore.utility.Log.info(Log.java:22)
at com.mystore.utility.Log.info(Log.java:22)
at com.mystore.utility.Log.info(Log.java:22)
at com.mystore.utility.Log.info(Log.java:22)
at com.mystore.utility.Log.info(Log.java:22)
at com.mystore.utility.Log.info(Log.java:22)
at com.mystore.utility.Log.info(Log.java:22)
at com.mystore.utility.Log.info(Log.java:22)
at com.mystore.utility.Log.info(Log.java:22)
at com.mystore.utility.Log.info(Log.java:22)
at com.mystore.utility.Log.info(Log.java:22)
at com.mystore.utility.Log.info(Log.java:22)
at com.mystore.utility.Log.info(Log.java:22)
at com.mystore.utility.Log.info(Log.java:22)
at com.mystore.utility.Log.info(Log.java:22)
at com.mystore.utility.Log.info(Log.java:22)
at com.mystore.utility.Log.info(Log.java:22)
at com.mystore.utility.Log.info(Log.java:22)
at com.mystore.utility.Log.info(Log.java:22)
at com.mystore.utility.Log.info(Log.java:22)
at com.mystore.utility.Log.info(Log.java:22)
at com.mystore.utility.Log.info(Log.java:22)
at com.mystore.utility.Log.info(Log.java:22)
at com.mystore.utility.Log.info(Log.java:22)
at com.mystore.utility.Log.info(Log.java:22)
at com.mystore.utility.Log.info(Log.java:22)
at com.mystore.utility.Log.info(Log.java:22)
at com.mystore.utility.Log.info(Log.java:22)
at com.mystore.utility.Log.info(Log.java:22)
at com.mystore.utility.Log.info(Log.java:22)
at com.mystore.utility.Log.info(Log.java:22)
at com.mystore.utility.Log.info(Log.java:22)
at com.mystore.utility.Log.info(Log.java:22)
at com.mystore.utility.Log.info(Log.java:22)
at com.mystore.utility.Log.info(Log.java:22)
at com.mystore.utility.Log.info(Log.java:22)
at com.mystore.utility.Log.info(Log.java:22)
at com.mystore.utility.Log.info(Log.java:22)
at com.mystore.utility.Log.info(Log.java:22)
at com.mystore.utility.Log.info(Log.java:22)
at com.mystore.utility.Log.info(Log.java:22)
at com.mystore.utility.Log.info(Log.java:22)
at com.mystore.utility.Log.info(Log.java:22)
at com.mystore.utility.Log.info(Log.java:22)
at com.mystore.utility.Log.info(Log.java:22)
at com.mystore.utility.Log.info(Log.java:22)
at com.mystore.utility.Log.info(Log.java:22)
at com.mystore.utility.Log.info(Log.java:22)
at com.mystore.utility.Log.info(Log.java:22)
at com.mystore.utility.Log.info(Log.java:22)
at com.mystore.utility.Log.info(Log.java:22)
at com.mystore.utility.Log.info(Log.java:22)
at com.mystore.utility.Log.info(Log.java:22)
at com.mystore.utility.Log.info(Log.java:22)
at com.mystore.utility.Log.info(Log.java:22)
at com.mystore.utility.Log.info(Log.java:22)
at com.mystore.utility.Log.info(Log.java:22)
at com.mystore.utility.Log.info(Log.java:22)
at com.mystore.utility.Log.info(Log.java:22)
at com.mystore.utility.Log.info(Log.java:22)
at com.mystore.utility.Log.info(Log.java:22)
at com.mystore.utility.Log.info(Log.java:22)
at com.mystore.utility.Log.info(Log.java:22)
at com.mystore.utility.Log.info(Log.java:22)
at com.mystore.utility.Log.info(Log.java:22)
at com.mystore.utility.Log.info(Log.java:22)
at com.mystore.utility.Log.info(Log.java:22)
at com.mystore.utility.Log.info(Log.java:22)
at com.mystore.utility.Log.info(Log.java:22)
at com.mystore.utility.Log.info(Log.java:22)
at com.mystore.utility.Log.info(Log.java:22)
at com.mystore.utility.Log.info(Log.java:22)
at com.mystore.utility.Log.info(Log.java:22)
at com.mystore.utility.Log.info(Log.java:22)
at com.mystore.utility.Log.info(Log.java:22)
at com.mystore.utility.Log.info(Log.java:22)
at com.mystore.utility.Log.info(Log.java:22)
at com.mystore.utility.Log.info(Log.java:22)
at com.mystore.utility.Log.info(Log.java:22)
at com.mystore.utility.Log.info(Log.java:22)
at com.mystore.utility.Log.info(Log.java:22)
at com.mystore.utility.Log.info(Log.java:22)
at com.mystore.utility.Log.info(Log.java:22)
at com.mystore.utility.Log.info(Log.java:22)
at com.mystore.utility.Log.info(Log.java:22)
at com.mystore.utility.Log.info(Log.java:22)
at com.mystore.utility.Log.info(Log.java:22)
at com.mystore.utility.Log.info(Log.java:22)
at com.mystore.utility.Log.info(Log.java:22)
at com.mystore.utility.Log.info(Log.java:22)
at com.mystore.utility.Log.info(Log.java:22)
at com.mystore.utility.Log.info(Log.java:22)
at com.mystore.utility.Log.info(Log.java:22)
at com.mystore.utility.Log.info(Log.java:22)
at com.mystore.utility.Log.info(Log.java:22)
at com.mystore.utility.Log.info(Log.java:22)
at com.mystore.utility.Log.info(Log.java:22)
at com.mystore.utility.Log.info(Log.java:22)
at com.mystore.utility.Log.info(Log.java:22)
at com.mystore.utility.Log.info(Log.java:22)
at com.mystore.utility.Log.info(Log.java:22)
at com.mystore.utility.Log.info(Log.java:22)
at com.mystore.utility.Log.info(Log.java:22)
at com.mystore.utility.Log.info(Log.java:22)
at com.mystore.utility.Log.info(Log.java:22)
at com.mystore.utility.Log.info(Log.java:22)
at com.mystore.utility.Log.info(Log.java:22)
at com.mystore.utility.Log.info(Log.java:22)
at com.mystore.utility.Log.info(Log.java:22)
at com.mystore.utility.Log.info(Log.java:22)
at com.mystore.utility.Log.info(Log.java:22)
at com.mystore.utility.Log.info(Log.java:22)
at com.mystore.utility.Log.info(Log.java:22)
at com.mystore.utility.Log.info(Log.java:22)
at com.mystore.utility.Log.info(Log.java:22)
at com.mystore.utility.Log.info(Log.java:22)
at com.mystore.utility.Log.info(Log.java:22)
at com.mystore.utility.Log.info(Log.java:22)
at com.mystore.utility.Log.info(Log.java:22)
at com.mystore.utility.Log.info(Log.java:22)
at com.mystore.utility.Log.info(Log.java:22)
at com.mystore.utility.Log.info(Log.java:22)
at com.mystore.utility.Log.info(Log.java:22)
at com.mystore.utility.Log.info(Log.java:22)
at com.mystore.utility.Log.info(Log.java:22)
at com.mystore.utility.Log.info(Log.java:22)
at com.mystore.utility.Log.info(Log.java:22)
at com.mystore.utility.Log.info(Log.java:22)
at com.mystore.utility.Log.info(Log.java:22)
at com.mystore.utility.Log.info(Log.java:22)
at com.mystore.utility.Log.info(Log.java:22)
at com.mystore.utility.Log.info(Log.java:22)
at com.mystore.utility.Log.info(Log.java:22)
at com.mystore.utility.Log.info(Log.java:22)
at com.mystore.utility.Log.info(Log.java:22)
at com.mystore.utility.Log.info(Log.java:22)
at com.mystore.utility.Log.info(Log.java:22)
at com.mystore.utility.Log.info(Log.java:22)
at com.mystore.utility.Log.info(Log.java:22)
at com.mystore.utility.Log.info(Log.java:22)
at com.mystore.utility.Log.info(Log.java:22)
at com.mystore.utility.Log.info(Log.java:22)
at com.mystore.utility.Log.info(Log.java:22)
at com.mystore.utility.Log.info(Log.java:22)
at com.mystore.utility.Log.info(Log.java:22)
at com.mystore.utility.Log.info(Log.java:22)
at com.mystore.utility.Log.info(Log.java:22)
at com.mystore.utility.Log.info(Log.java:22)
at com.mystore.utility.Log.info(Log.java:22)
at com.mystore.utility.Log.info(Log.java:22)
at com.mystore.utility.Log.info(Log.java:22)
at com.mystore.utility.Log.info(Log.java:22)
at com.mystore.utility.Log.info(Log.java:22)
at com.mystore.utility.Log.info(Log.java:22)
at com.mystore.utility.Log.info(Log.java:22)
at com.mystore.utility.Log.info(Log.java:22)
at com.mystore.utility.Log.info(Log.java:22)
at com.mystore.utility.Log.info(Log.java:22)
at com.mystore.utility.Log.info(Log.java:22)
at com.mystore.utility.Log.info(Log.java:22)
at com.mystore.utility.Log.info(Log.java:22)
at com.mystore.utility.Log.info(Log.java:22)
at com.mystore.utility.Log.info(Log.java:22)
at com.mystore.utility.Log.info(Log.java:22)
at com.mystore.utility.Log.info(Log.java:22)
at com.mystore.utility.Log.info(Log.java:22)
at com.mystore.utility.Log.info(Log.java:22)
at com.mystore.utility.Log.info(Log.java:22)
at com.mystore.utility.Log.info(Log.java:22)
at com.mystore.utility.Log.info(Log.java:22)
at com.mystore.utility.Log.info(Log.java:22)
at com.mystore.utility.Log.info(Log.java:22)
at com.mystore.utility.Log.info(Log.java:22)
at com.mystore.utility.Log.info(Log.java:22)
at com.mystore.utility.Log.info(Log.java:22)
at com.mystore.utility.Log.info(Log.java:22)
at com.mystore.utility.Log.info(Log.java:22)
at com.mystore.utility.Log.info(Log.java:22)
at com.mystore.utility.Log.info(Log.java:22)
at com.mystore.utility.Log.info(Log.java:22)
at com.mystore.utility.Log.info(Log.java:22)
at com.mystore.utility.Log.info(Log.java:22)
at com.mystore.utility.Log.info(Log.java:22)
at com.mystore.utility.Log.info(Log.java:22)
at com.mystore.utility.Log.info(Log.java:22)
at com.mystore.utility.Log.info(Log.java:22)
at com.mystore.utility.Log.info(Log.java:22)
at com.mystore.utility.Log.info(Log.java:22)
at com.mystore.utility.Log.info(Log.java:22)
at com.mystore.utility.Log.info(Log.java:22)
at com.mystore.utility.Log.info(Log.java:22)
at com.mystore.utility.Log.info(Log.java:22)
at com.mystore.utility.Log.info(Log.java:22)
at com.mystore.utility.Log.info(Log.java:22)
at com.mystore.utility.Log.info(Log.java:22)
at com.mystore.utility.Log.info(Log.java:22)
at com.mystore.utility.Log.info(Log.java:22)
at com.mystore.utility.Log.info(Log.java:22)
at com.mystore.utility.Log.info(Log.java:22)
at com.mystore.utility.Log.info(Log.java:22)
at com.mystore.utility.Log.info(Log.java:22)
at com.mystore.utility.Log.info(Log.java:22)
at com.mystore.utility.Log.info(Log.java:22)
at com.mystore.utility.Log.info(Log.java:22)
at com.mystore.utility.Log.info(Log.java:22)
at com.mystore.utility.Log.info(Log.java:22)
at com.mystore.utility.Log.info(Log.java:22)
at com.mystore.utility.Log.info(Log.java:22)
at com.mystore.utility.Log.info(Log.java:22)
at com.mystore.utility.Log.info(Log.java:22)
at com.mystore.utility.Log.info(Log.java:22)
at com.mystore.utility.Log.info(Log.java:22)
at com.mystore.utility.Log.info(Log.java:22)
at com.mystore.utility.Log.info(Log.java:22)
at com.mystore.utility.Log.info(Log.java:22)
at com.mystore.utility.Log.info(Log.java:22)
at com.mystore.utility.Log.info(Log.java:22)
at com.mystore.utility.Log.info(Log.java:22)
at com.mystore.utility.Log.info(Log.java:22)
at com.mystore.utility.Log.info(Log.java:22)
at com.mystore.utility.Log.info(Log.java:22)
at com.mystore.utility.Log.info(Log.java:22)
at com.mystore.utility.Log.info(Log.java:22)
at com.mystore.utility.Log.info(Log.java:22)
at com.mystore.utility.Log.info(Log.java:22)
at com.mystore.utility.Log.info(Log.java:22)
at com.mystore.utility.Log.info(Log.java:22)
at com.mystore.utility.Log.info(Log.java:22)
at com.mystore.utility.Log.info(Log.java:22)
at com.mystore.utility.Log.info(Log.java:22)
at com.mystore.utility.Log.info(Log.java:22)
at com.mystore.utility.Log.info(Log.java:22)
at com.mystore.utility.Log.info(Log.java:22)
at com.mystore.utility.Log.info(Log.java:22)
at com.mystore.utility.Log.info(Log.java:22)
at com.mystore.utility.Log.info(Log.java:22)
at com.mystore.utility.Log.info(Log.java:22)
at com.mystore.utility.Log.info(Log.java:22)
at com.mystore.utility.Log.info(Log.java:22)
at com.mystore.utility.Log.info(Log.java:22)
at com.mystore.utility.Log.info(Log.java:22)
at com.mystore.utility.Log.info(Log.java:22)
at com.mystore.utility.Log.info(Log.java:22)
at com.mystore.utility.Log.info(Log.java:22)
at com.mystore.utility.Log.info(Log.java:22)
at com.mystore.utility.Log.info(Log.java:22)
at com.mystore.utility.Log.info(Log.java:22)
at com.mystore.utility.Log.info(Log.java:22)
at com.mystore.utility.Log.info(Log.java:22)
at com.mystore.utility.Log.info(Log.java:22)
at com.mystore.utility.Log.info(Log.java:22)
at com.mystore.utility.Log.info(Log.java:22)
at com.mystore.utility.Log.info(Log.java:22)
at com.mystore.utility.Log.info(Log.java:22)
at com.mystore.utility.Log.info(Log.java:22)
at com.mystore.utility.Log.info(Log.java:22)
at com.mystore.utility.Log.info(Log.java:22)
at com.mystore.utility.Log.info(Log.java:22)
at com.mystore.utility.Log.info(Log.java:22)
at com.mystore.utility.Log.info(Log.java:22)
at com.mystore.utility.Log.info(Log.java:22)
at com.mystore.utility.Log.info(Log.java:22)
at com.mystore.utility.Log.info(Log.java:22)
at com.mystore.utility.Log.info(Log.java:22)
at com.mystore.utility.Log.info(Log.java:22)
at com.mystore.utility.Log.info(Log.java:22)
at com.mystore.utility.Log.info(Log.java:22)
at com.mystore.utility.Log.info(Log.java:22)
at com.mystore.utility.Log.info(Log.java:22)
at com.mystore.utility.Log.info(Log.java:22)
at com.mystore.utility.Log.info(Log.java:22)
at com.mystore.utility.Log.info(Log.java:22)
at com.mystore.utility.Log.info(Log.java:22)
at com.mystore.utility.Log.info(Log.java:22)
at com.mystore.utility.Log.info(Log.java:22)
at com.mystore.utility.Log.info(Log.java:22)
at com.mystore.utility.Log.info(Log.java:22)
at com.mystore.utility.Log.info(Log.java:22)
at com.mystore.utility.Log.info(Log.java:22)
at com.mystore.utility.Log.info(Log.java:22)
at com.mystore.utility.Log.info(Log.java:22)
at com.mystore.utility.Log.info(Log.java:22)
at com.mystore.utility.Log.info(Log.java:22)
at com.mystore.utility.Log.info(Log.java:22)
at com.mystore.utility.Log.info(Log.java:22)
at com.mystore.utility.Log.info(Log.java:22)
at com.mystore.utility.Log.info(Log.java:22)
at com.mystore.utility.Log.info(Log.java:22)
at com.mystore.utility.Log.info(Log.java:22)
at com.mystore.utility.Log.info(Log.java:22)
at com.mystore.utility.Log.info(Log.java:22)
at com.mystore.utility.Log.info(Log.java:22)
at com.mystore.utility.Log.info(Log.java:22)
at com.mystore.utility.Log.info(Log.java:22)
at com.mystore.utility.Log.info(Log.java:22)
at com.mystore.utility.Log.info(Log.java:22)
at com.mystore.utility.Log.info(Log.java:22)
at com.mystore.utility.Log.info(Log.java:22)
at com.mystore.utility.Log.info(Log.java:22)
at com.mystore.utility.Log.info(Log.java:22)
at com.mystore.utility.Log.info(Log.java:22)
at com.mystore.utility.Log.info(Log.java:22)
at com.mystore.utility.Log.info(Log.java:22)
at com.mystore.utility.Log.info(Log.java:22)
at com.mystore.utility.Log.info(Log.java:22)
at com.mystore.utility.Log.info(Log.java:22)
at com.mystore.utility.Log.info(Log.java:22)
at com.mystore.utility.Log.info(Log.java:22)
at com.mystore.utility.Log.info(Log.java:22)
at com.mystore.utility.Log.info(Log.java:22)
at com.mystore.utility.Log.info(Log.java:22)
at com.mystore.utility.Log.info(Log.java:22)
at com.mystore.utility.Log.info(Log.java:22)
at com.mystore.utility.Log.info(Log.java:22)
at com.mystore.utility.Log.info(Log.java:22)
at com.mystore.utility.Log.info(Log.java:22)
at com.mystore.utility.Log.info(Log.java:22)
at com.mystore.utility.Log.info(Log.java:22)
at com.mystore.utility.Log.info(Log.java:22)
at com.mystore.utility.Log.info(Log.java:22)
at com.mystore.utility.Log.info(Log.java:22)
at com.mystore.utility.Log.info(Log.java:22)
at com.mystore.utility.Log.info(Log.java:22)
at com.mystore.utility.Log.info(Log.java:22)
at com.mystore.utility.Log.info(Log.java:22)
at com.mystore.utility.Log.info(Log.java:22)
at com.mystore.utility.Log.info(Log.java:22)
at com.mystore.utility.Log.info(Log.java:22)
at com.mystore.utility.Log.info(Log.java:22)
at com.mystore.utility.Log.info(Log.java:22)
at com.mystore.utility.Log.info(Log.java:22)
at com.mystore.utility.Log.info(Log.java:22)
at com.mystore.utility.Log.info(Log.java:22)
at com.mystore.utility.Log.info(Log.java:22)
at com.mystore.utility.Log.info(Log.java:22)
at com.mystore.utility.Log.info(Log.java:22)
at com.mystore.utility.Log.info(Log.java:22)
at com.mystore.utility.Log.info(Log.java:22)
at com.mystore.utility.Log.info(Log.java:22)
at com.mystore.utility.Log.info(Log.java:22)
at com.mystore.utility.Log.info(Log.java:22)
at com.mystore.utility.Log.info(Log.java:22)
at com.mystore.utility.Log.info(Log.java:22)
at com.mystore.utility.Log.info(Log.java:22)
at com.mystore.utility.Log.info(Log.java:22)
at com.mystore.utility.Log.info(Log.java:22)
at com.mystore.utility.Log.info(Log.java:22)
at com.mystore.utility.Log.info(Log.java:22)
at com.mystore.utility.Log.info(Log.java:22)
at com.mystore.utility.Log.info(Log.java:22)
at com.mystore.utility.Log.info(Log.java:22)
at com.mystore.utility.Log.info(Log.java:22)
at com.mystore.utility.Log.info(Log.java:22)
at com.mystore.utility.Log.info(Log.java:22)
at com.mystore.utility.Log.info(Log.java:22)
at com.mystore.utility.Log.info(Log.java:22)
at com.mystore.utility.Log.info(Log.java:22)
at com.mystore.utility.Log.info(Log.java:22)
at com.mystore.utility.Log.info(Log.java:22)
at com.mystore.utility.Log.info(Log.java:22)
at com.mystore.utility.Log.info(Log.java:22)
at com.mystore.utility.Log.info(Log.java:22)
at com.mystore.utility.Log.info(Log.java:22)
at com.mystore.utility.Log.info(Log.java:22)
at com.mystore.utility.Log.info(Log.java:22)
at com.mystore.utility.Log.info(Log.java:22)
at com.mystore.utility.Log.info(Log.java:22)
at com.mystore.utility.Log.info(Log.java:22)
at com.mystore.utility.Log.info(Log.java:22)
at com.mystore.utility.Log.info(Log.java:22)
at com.mystore.utility.Log.info(Log.java:22)
at com.mystore.utility.Log.info(Log.java:22)
at com.mystore.utility.Log.info(Log.java:22)
at com.mystore.utility.Log.info(Log.java:22)
at com.mystore.utility.Log.info(Log.java:22)
at com.mystore.utility.Log.info(Log.java:22)
at com.mystore.utility.Log.info(Log.java:22)
at com.mystore.utility.Log.info(Log.java:22)
at com.mystore.utility.Log.info(Log.java:22)
at com.mystore.utility.Log.info(Log.java:22)
at com.mystore.utility.Log.info(Log.java:22)
at com.mystore.utility.Log.info(Log.java:22)
at com.mystore.utility.Log.info(Log.java:22)
at com.mystore.utility.Log.info(Log.java:22)
at com.mystore.utility.Log.info(Log.java:22)
at com.mystore.utility.Log.info(Log.java:22)
at com.mystore.utility.Log.info(Log.java:22)
at com.mystore.utility.Log.info(Log.java:22)
at com.mystore.utility.Log.info(Log.java:22)
at com.mystore.utility.Log.info(Log.java:22)
at com.mystore.utility.Log.info(Log.java:22)
at com.mystore.utility.Log.info(Log.java:22)
at com.mystore.utility.Log.info(Log.java:22)
at com.mystore.utility.Log.info(Log.java:22)
at com.mystore.utility.Log.info(Log.java:22)
at com.mystore.utility.Log.info(Log.java:22)
at com.mystore.utility.Log.info(Log.java:22)
at com.mystore.utility.Log.info(Log.java:22)
at com.mystore.utility.Log.info(Log.java:22)
at com.mystore.utility.Log.info(Log.java:22)
at com.mystore.utility.Log.info(Log.java:22)
at com.mystore.utility.Log.info(Log.java:22)
at com.mystore.utility.Log.info(Log.java:22)
at com.mystore.utility.Log.info(Log.java:22)
at com.mystore.utility.Log.info(Log.java:22)
at com.mystore.utility.Log.info(Log.java:22)
at com.mystore.utility.Log.info(Log.java:22)
at com.mystore.utility.Log.info(Log.java:22)
at com.mystore.utility.Log.info(Log.java:22)
at com.mystore.utility.Log.info(Log.java:22)
at com.mystore.utility.Log.info(Log.java:22)
at com.mystore.utility.Log.info(Log.java:22)
at com.mystore.utility.Log.info(Log.java:22)
at com.mystore.utility.Log.info(Log.java:22)
at com.mystore.utility.Log.info(Log.java:22)
at com.mystore.utility.Log.info(Log.java:22)
at com.mystore.utility.Log.info(Log.java:22)
at com.mystore.utility.Log.info(Log.java:22)
at com.mystore.utility.Log.info(Log.java:22)
at com.mystore.utility.Log.info(Log.java:22)
at com.mystore.utility.Log.info(Log.java:22)
at com.mystore.utility.Log.info(Log.java:22)
at com.mystore.utility.Log.info(Log.java:22)
at com.mystore.utility.Log.info(Log.java:22)
at com.mystore.utility.Log.info(Log.java:22)
at com.mystore.utility.Log.info(Log.java:22)
at com.mystore.utility.Log.info(Log.java:22)
at com.mystore.utility.Log.info(Log.java:22)
at com.mystore.utility.Log.info(Log.java:22)
at com.mystore.utility.Log.info(Log.java:22)
at com.mystore.utility.Log.info(Log.java:22)
at com.mystore.utility.Log.info(Log.java:22)
at com.mystore.utility.Log.info(Log.java:22)
at com.mystore.utility.Log.info(Log.java:22)
at com.mystore.utility.Log.info(Log.java:22)
at com.mystore.utility.Log.info(Log.java:22)
at com.mystore.utility.Log.info(Log.java:22)
at com.mystore.utility.Log.info(Log.java:22)
at com.mystore.utility.Log.info(Log.java:22)
at com.mystore.utility.Log.info(Log.java:22)
at com.mystore.utility.Log.info(Log.java:22)
at com.mystore.utility.Log.info(Log.java:22)
at com.mystore.utility.Log.info(Log.java:22)
at com.mystore.utility.Log.info(Log.java:22)
at com.mystore.utility.Log.info(Log.java:22)
at com.mystore.utility.Log.info(Log.java:22)
at com.mystore.utility.Log.info(Log.java:22)
at com.mystore.utility.Log.info(Log.java:22)
at com.mystore.utility.Log.info(Log.java:22)
at com.mystore.utility.Log.info(Log.java:22)
at com.mystore.utility.Log.info(Log.java:22)
at com.mystore.utility.Log.info(Log.java:22)
at com.mystore.utility.Log.info(Log.java:22)
at com.mystore.utility.Log.info(Log.java:22)
at com.mystore.utility.Log.info(Log.java:22)
at com.mystore.utility.Log.info(Log.java:22)
at com.mystore.utility.Log.info(Log.java:22)
at com.mystore.utility.Log.info(Log.java:22)
at com.mystore.utility.Log.info(Log.java:22)
at com.mystore.utility.Log.info(Log.java:22)
at com.mystore.utility.Log.info(Log.java:22)
at com.mystore.utility.Log.info(Log.java:22)
at com.mystore.utility.Log.info(Log.java:22)
at com.mystore.utility.Log.info(Log.java:22)
at com.mystore.utility.Log.info(Log.java:22)
at com.mystore.utility.Log.info(Log.java:22)
at com.mystore.utility.Log.info(Log.java:22)
at com.mystore.utility.Log.info(Log.java:22)
at com.mystore.utility.Log.info(Log.java:22)
at com.mystore.utility.Log.info(Log.java:22)
at com.mystore.utility.Log.info(Log.java:22)
at com.mystore.utility.Log.info(Log.java:22)
at com.mystore.utility.Log.info(Log.java:22)
at com.mystore.utility.Log.info(Log.java:22)
at com.mystore.utility.Log.info(Log.java:22)
at com.mystore.utility.Log.info(Log.java:22)
at com.mystore.utility.Log.info(Log.java:22)
at com.mystore.utility.Log.info(Log.java:22)
at com.mystore.utility.Log.info(Log.java:22)
at com.mystore.utility.Log.info(Log.java:22)
at com.mystore.utility.Log.info(Log.java:22)
at com.mystore.utility.Log.info(Log.java:22)
at com.mystore.utility.Log.info(Log.java:22)
at com.mystore.utility.Log.info(Log.java:22)
at com.mystore.utility.Log.info(Log.java:22)
at com.mystore.utility.Log.info(Log.java:22)
at com.mystore.utility.Log.info(Log.java:22)
at com.mystore.utility.Log.info(Log.java:22)
at com.mystore.utility.Log.info(Log.java:22)
at com.mystore.utility.Log.info(Log.java:22)
at com.mystore.utility.Log.info(Log.java:22)
at com.mystore.utility.Log.info(Log.java:22)
at com.mystore.utility.Log.info(Log.java:22)
at com.mystore.utility.Log.info(Log.java:22)
at com.mystore.utility.Log.info(Log.java:22)
at com.mystore.utility.Log.info(Log.java:22)
at com.mystore.utility.Log.info(Log.java:22)
at com.mystore.utility.Log.info(Log.java:22)
at com.mystore.utility.Log.info(Log.java:22)
at com.mystore.utility.Log.info(Log.java:22)
at com.mystore.utility.Log.info(Log.java:22)
at com.mystore.utility.Log.info(Log.java:22)
at com.mystore.utility.Log.info(Log.java:22)
at com.mystore.utility.Log.info(Log.java:22)
at com.mystore.utility.Log.info(Log.java:22)
at com.mystore.utility.Log.info(Log.java:22)
at com.mystore.utility.Log.info(Log.java:22)
at com.mystore.utility.Log.info(Log.java:22)
at com.mystore.utility.Log.info(Log.java:22)
at com.mystore.utility.Log.info(Log.java:22)
at com.mystore.utility.Log.info(Log.java:22)
at com.mystore.utility.Log.info(Log.java:22)
at com.mystore.utility.Log.info(Log.java:22)
at com.mystore.utility.Log.info(Log.java:22)
at com.mystore.utility.Log.info(Log.java:22)
at com.mystore.utility.Log.info(Log.java:22)
at com.mystore.utility.Log.info(Log.java:22)
at com.mystore.utility.Log.info(Log.java:22)
at com.mystore.utility.Log.info(Log.java:22)
at com.mystore.utility.Log.info(Log.java:22)
at com.mystore.utility.Log.info(Log.java:22)
at com.mystore.utility.Log.info(Log.java:22)
at com.mystore.utility.Log.info(Log.java:22)
at com.mystore.utility.Log.info(Log.java:22)
at com.mystore.utility.Log.info(Log.java:22)
at com.mystore.utility.Log.info(Log.java:22)
at com.mystore.utility.Log.info(Log.java:22)
at com.mystore.utility.Log.info(Log.java:22)
at com.mystore.utility.Log.info(Log.java:22)
at com.mystore.utility.Log.info(Log.java:22)
at com.mystore.utility.Log.info(Log.java:22)
at com.mystore.utility.Log.info(Log.java:22)
at com.mystore.utility.Log.info(Log.java:22)
at com.mystore.utility.Log.info(Log.java:22)
at com.mystore.utility.Log.info(Log.java:22)
at com.mystore.utility.Log.info(Log.java:22)
at com.mystore.utility.Log.info(Log.java:22)
]]>
    </error>
  </testcase> <!-- loginTest -->
  <system-out/>
</testsuite> <!-- com.mystore.testcases.LoginPageTest -->
