<?xml version="1.0" encoding="UTF-8"?>
<!-- Generated by org.testng.reporters.JUnitReportReporter -->
<testsuite hostname="LAPTOP-V8HO2LFD" failures="0" tests="1" name="com.mystore.testcases.AccountCreationPageTest" time="65.182" errors="0" timestamp="2022-03-01T16:51:58 IST" skipped="0">
  <testcase classname="com.mystore.testcases.AccountCreationPageTest" name="verifycreateAccountPageTest" time="65.182"/>
  <system-out/>
</testsuite> <!-- com.mystore.testcases.AccountCreationPageTest -->
