<?xml version="1.0" encoding="UTF-8"?>
<!-- Generated by org.testng.reporters.JUnitReportReporter -->
<testsuite hostname="LAPTOP-V8HO2LFD" failures="0" tests="2" name="com.mystore.testcases.HomePageTest" time="68.688" errors="0" timestamp="2022-02-28T15:39:47 IST" skipped="0">
  <testcase classname="com.mystore.testcases.HomePageTest" name="wishListTest" time="40.730"/>
  <system-out/>
  <testcase classname="com.mystore.testcases.HomePageTest" name="orderHistoryAndDetailsTest" time="27.958"/>
  <system-out/>
</testsuite> <!-- com.mystore.testcases.HomePageTest -->
