<?xml version="1.0" encoding="UTF-8"?>
<!-- Generated by org.testng.reporters.JUnitReportReporter -->
<testsuite hostname="LAPTOP-V8HO2LFD" failures="0" tests="1" name="com.mystore.testcases.SearchReasultPageTest" time="66.386" errors="0" timestamp="2022-03-01T16:55:11 IST" skipped="0">
  <testcase classname="com.mystore.testcases.SearchReasultPageTest" name="productAvalibilityTest" time="66.386"/>
  <system-out/>
</testsuite> <!-- com.mystore.testcases.SearchReasultPageTest -->
