<?xml version="1.0" encoding="UTF-8"?>
<!-- Generated by org.testng.reporters.JUnitReportReporter -->
<testsuite hostname="LAPTOP-V8HO2LFD" failures="0" tests="1" name="com.mystore.testcases.EndToEndTest" time="137.433" errors="0" timestamp="2022-03-01T22:33:31 IST" skipped="0">
  <testcase classname="com.mystore.testcases.EndToEndTest" name="endToEndTest" time="137.433"/>
  <system-out/>
</testsuite> <!-- com.mystore.testcases.EndToEndTest -->
