<?xml version="1.0" encoding="UTF-8"?>
<!-- Generated by org.testng.reporters.JUnitReportReporter -->
<testsuite hostname="LAPTOP-V8HO2LFD" failures="0" tests="2" name="com.mystore.testcases.IndexPageTest" time="185.501" errors="0" timestamp="2022-03-01T13:45:24 IST" skipped="0">
  <testcase classname="com.mystore.testcases.IndexPageTest" name="verifyLogo" time="101.262"/>
  <system-out/>
  <testcase classname="com.mystore.testcases.IndexPageTest" name="verifyTitle" time="84.239"/>
  <system-out/>
</testsuite> <!-- com.mystore.testcases.IndexPageTest -->
