<?xml version="1.0" encoding="UTF-8"?>
<!-- Generated by org.testng.reporters.JUnitReportReporter -->
<testsuite hostname="LAPTOP-V8HO2LFD" failures="0" tests="5" name="TestNG.NewTest" time="170.704" errors="0" timestamp="2022-02-25T09:06:34 IST" skipped="0">
  <testcase classname="TestNG.NewTest" name="testOrangeHRM" time="34.738"/>
  <system-out/>
  <testcase classname="TestNG.NewTest" name="testOrangeHRM" time="35.849"/>
  <system-out/>
  <testcase classname="TestNG.NewTest" name="testOrangeHRM" time="27.851"/>
  <system-out/>
  <testcase classname="TestNG.NewTest" name="testOrangeHRM" time="39.366"/>
  <system-out/>
  <testcase classname="TestNG.NewTest" name="testOrangeHRM" time="32.900"/>
  <system-out/>
</testsuite> <!-- TestNG.NewTest -->
