<?xml version="1.0" encoding="UTF-8"?>
<!-- Generated by org.testng.reporters.JUnitReportReporter -->
<testsuite hostname="LAPTOP-V8HO2LFD" failures="0" tests="6" name="testNGFlag.Flag1" time="0.029" errors="0" timestamp="2022-02-19T09:28:37 IST" skipped="0">
  <testcase classname="testNGFlag.Flag1" name="b" time="0.017"/>
  <system-out>
    <![CDATA[b method]]>
  </system-out>
  <testcase classname="testNGFlag.Flag1" name="c" time="0.003"/>
  <system-out>
    <![CDATA[c method]]>
  </system-out>
  <testcase classname="testNGFlag.Flag1" name="h" time="0.003"/>
  <system-out>
    <![CDATA[h method]]>
  </system-out>
  <testcase classname="testNGFlag.Flag1" name="x" time="0.002"/>
  <system-out>
    <![CDATA[x method]]>
  </system-out>
  <testcase classname="testNGFlag.Flag1" name="w" time="0.002"/>
  <system-out>
    <![CDATA[w method]]>
  </system-out>
  <testcase classname="testNGFlag.Flag1" name="g" time="0.002"/>
  <system-out>
    <![CDATA[g method]]>
  </system-out>
</testsuite> <!-- testNGFlag.Flag1 -->
