<?xml version="1.0" encoding="UTF-8"?>
<!-- Generated by org.testng.reporters.JUnitReportReporter -->
<testsuite hostname="LAPTOP-V8HO2LFD" failures="0" tests="100" name="testNGFlag.Flag3" time="0.219" errors="0" timestamp="2022-02-19T09:31:25 IST" skipped="0">
  <testcase classname="testNGFlag.Flag3" name="a" time="0.002"/>
  <system-out>
    <![CDATA[generates the inconsistance bug]]>
  </system-out>
  <testcase classname="testNGFlag.Flag3" name="a" time="0.001"/>
  <system-out>
    <![CDATA[generates the inconsistance bug]]>
  </system-out>
  <testcase classname="testNGFlag.Flag3" name="a" time="0.000"/>
  <system-out>
    <![CDATA[generates the inconsistance bug]]>
  </system-out>
  <testcase classname="testNGFlag.Flag3" name="a" time="0.001"/>
  <system-out>
    <![CDATA[generates the inconsistance bug]]>
  </system-out>
  <testcase classname="testNGFlag.Flag3" name="a" time="0.001"/>
  <system-out>
    <![CDATA[generates the inconsistance bug]]>
  </system-out>
  <testcase classname="testNGFlag.Flag3" name="a" time="0.004"/>
  <system-out>
    <![CDATA[generates the inconsistance bug]]>
  </system-out>
  <testcase classname="testNGFlag.Flag3" name="a" time="0.001"/>
  <system-out>
    <![CDATA[generates the inconsistance bug]]>
  </system-out>
  <testcase classname="testNGFlag.Flag3" name="a" time="0.002"/>
  <system-out>
    <![CDATA[generates the inconsistance bug]]>
  </system-out>
  <testcase classname="testNGFlag.Flag3" name="a" time="0.001"/>
  <system-out>
    <![CDATA[generates the inconsistance bug]]>
  </system-out>
  <testcase classname="testNGFlag.Flag3" name="a" time="0.004"/>
  <system-out>
    <![CDATA[generates the inconsistance bug]]>
  </system-out>
  <testcase classname="testNGFlag.Flag3" name="a" time="0.005"/>
  <system-out>
    <![CDATA[generates the inconsistance bug]]>
  </system-out>
  <testcase classname="testNGFlag.Flag3" name="a" time="0.002"/>
  <system-out>
    <![CDATA[generates the inconsistance bug]]>
  </system-out>
  <testcase classname="testNGFlag.Flag3" name="a" time="0.002"/>
  <system-out>
    <![CDATA[generates the inconsistance bug]]>
  </system-out>
  <testcase classname="testNGFlag.Flag3" name="a" time="0.002"/>
  <system-out>
    <![CDATA[generates the inconsistance bug]]>
  </system-out>
  <testcase classname="testNGFlag.Flag3" name="a" time="0.003"/>
  <system-out>
    <![CDATA[generates the inconsistance bug]]>
  </system-out>
  <testcase classname="testNGFlag.Flag3" name="a" time="0.002"/>
  <system-out>
    <![CDATA[generates the inconsistance bug]]>
  </system-out>
  <testcase classname="testNGFlag.Flag3" name="a" time="0.004"/>
  <system-out>
    <![CDATA[generates the inconsistance bug]]>
  </system-out>
  <testcase classname="testNGFlag.Flag3" name="a" time="0.004"/>
  <system-out>
    <![CDATA[generates the inconsistance bug]]>
  </system-out>
  <testcase classname="testNGFlag.Flag3" name="a" time="0.003"/>
  <system-out>
    <![CDATA[generates the inconsistance bug]]>
  </system-out>
  <testcase classname="testNGFlag.Flag3" name="a" time="0.001"/>
  <system-out>
    <![CDATA[generates the inconsistance bug]]>
  </system-out>
  <testcase classname="testNGFlag.Flag3" name="a" time="0.002"/>
  <system-out>
    <![CDATA[generates the inconsistance bug]]>
  </system-out>
  <testcase classname="testNGFlag.Flag3" name="a" time="0.003"/>
  <system-out>
    <![CDATA[generates the inconsistance bug]]>
  </system-out>
  <testcase classname="testNGFlag.Flag3" name="a" time="0.001"/>
  <system-out>
    <![CDATA[generates the inconsistance bug]]>
  </system-out>
  <testcase classname="testNGFlag.Flag3" name="a" time="0.001"/>
  <system-out>
    <![CDATA[generates the inconsistance bug]]>
  </system-out>
  <testcase classname="testNGFlag.Flag3" name="a" time="0.001"/>
  <system-out>
    <![CDATA[generates the inconsistance bug]]>
  </system-out>
  <testcase classname="testNGFlag.Flag3" name="a" time="0.001"/>
  <system-out>
    <![CDATA[generates the inconsistance bug]]>
  </system-out>
  <testcase classname="testNGFlag.Flag3" name="a" time="0.002"/>
  <system-out>
    <![CDATA[generates the inconsistance bug]]>
  </system-out>
  <testcase classname="testNGFlag.Flag3" name="a" time="0.005"/>
  <system-out>
    <![CDATA[generates the inconsistance bug]]>
  </system-out>
  <testcase classname="testNGFlag.Flag3" name="a" time="0.001"/>
  <system-out>
    <![CDATA[generates the inconsistance bug]]>
  </system-out>
  <testcase classname="testNGFlag.Flag3" name="a" time="0.002"/>
  <system-out>
    <![CDATA[generates the inconsistance bug]]>
  </system-out>
  <testcase classname="testNGFlag.Flag3" name="a" time="0.001"/>
  <system-out>
    <![CDATA[generates the inconsistance bug]]>
  </system-out>
  <testcase classname="testNGFlag.Flag3" name="a" time="0.003"/>
  <system-out>
    <![CDATA[generates the inconsistance bug]]>
  </system-out>
  <testcase classname="testNGFlag.Flag3" name="a" time="0.002"/>
  <system-out>
    <![CDATA[generates the inconsistance bug]]>
  </system-out>
  <testcase classname="testNGFlag.Flag3" name="a" time="0.001"/>
  <system-out>
    <![CDATA[generates the inconsistance bug]]>
  </system-out>
  <testcase classname="testNGFlag.Flag3" name="a" time="0.002"/>
  <system-out>
    <![CDATA[generates the inconsistance bug]]>
  </system-out>
  <testcase classname="testNGFlag.Flag3" name="a" time="0.001"/>
  <system-out>
    <![CDATA[generates the inconsistance bug]]>
  </system-out>
  <testcase classname="testNGFlag.Flag3" name="a" time="0.002"/>
  <system-out>
    <![CDATA[generates the inconsistance bug]]>
  </system-out>
  <testcase classname="testNGFlag.Flag3" name="a" time="0.001"/>
  <system-out>
    <![CDATA[generates the inconsistance bug]]>
  </system-out>
  <testcase classname="testNGFlag.Flag3" name="a" time="0.001"/>
  <system-out>
    <![CDATA[generates the inconsistance bug]]>
  </system-out>
  <testcase classname="testNGFlag.Flag3" name="a" time="0.002"/>
  <system-out>
    <![CDATA[generates the inconsistance bug]]>
  </system-out>
  <testcase classname="testNGFlag.Flag3" name="a" time="0.000"/>
  <system-out>
    <![CDATA[generates the inconsistance bug]]>
  </system-out>
  <testcase classname="testNGFlag.Flag3" name="a" time="0.003"/>
  <system-out>
    <![CDATA[generates the inconsistance bug]]>
  </system-out>
  <testcase classname="testNGFlag.Flag3" name="a" time="0.002"/>
  <system-out>
    <![CDATA[generates the inconsistance bug]]>
  </system-out>
  <testcase classname="testNGFlag.Flag3" name="a" time="0.002"/>
  <system-out>
    <![CDATA[generates the inconsistance bug]]>
  </system-out>
  <testcase classname="testNGFlag.Flag3" name="a" time="0.003"/>
  <system-out>
    <![CDATA[generates the inconsistance bug]]>
  </system-out>
  <testcase classname="testNGFlag.Flag3" name="a" time="0.002"/>
  <system-out>
    <![CDATA[generates the inconsistance bug]]>
  </system-out>
  <testcase classname="testNGFlag.Flag3" name="a" time="0.002"/>
  <system-out>
    <![CDATA[generates the inconsistance bug]]>
  </system-out>
  <testcase classname="testNGFlag.Flag3" name="a" time="0.001"/>
  <system-out>
    <![CDATA[generates the inconsistance bug]]>
  </system-out>
  <testcase classname="testNGFlag.Flag3" name="a" time="0.001"/>
  <system-out>
    <![CDATA[generates the inconsistance bug]]>
  </system-out>
  <testcase classname="testNGFlag.Flag3" name="a" time="0.002"/>
  <system-out>
    <![CDATA[generates the inconsistance bug]]>
  </system-out>
  <testcase classname="testNGFlag.Flag3" name="a" time="0.001"/>
  <system-out>
    <![CDATA[generates the inconsistance bug]]>
  </system-out>
  <testcase classname="testNGFlag.Flag3" name="a" time="0.001"/>
  <system-out>
    <![CDATA[generates the inconsistance bug]]>
  </system-out>
  <testcase classname="testNGFlag.Flag3" name="a" time="0.002"/>
  <system-out>
    <![CDATA[generates the inconsistance bug]]>
  </system-out>
  <testcase classname="testNGFlag.Flag3" name="a" time="0.002"/>
  <system-out>
    <![CDATA[generates the inconsistance bug]]>
  </system-out>
  <testcase classname="testNGFlag.Flag3" name="a" time="0.002"/>
  <system-out>
    <![CDATA[generates the inconsistance bug]]>
  </system-out>
  <testcase classname="testNGFlag.Flag3" name="a" time="0.001"/>
  <system-out>
    <![CDATA[generates the inconsistance bug]]>
  </system-out>
  <testcase classname="testNGFlag.Flag3" name="a" time="0.002"/>
  <system-out>
    <![CDATA[generates the inconsistance bug]]>
  </system-out>
  <testcase classname="testNGFlag.Flag3" name="a" time="0.002"/>
  <system-out>
    <![CDATA[generates the inconsistance bug]]>
  </system-out>
  <testcase classname="testNGFlag.Flag3" name="a" time="0.003"/>
  <system-out>
    <![CDATA[generates the inconsistance bug]]>
  </system-out>
  <testcase classname="testNGFlag.Flag3" name="a" time="0.005"/>
  <system-out>
    <![CDATA[generates the inconsistance bug]]>
  </system-out>
  <testcase classname="testNGFlag.Flag3" name="a" time="0.002"/>
  <system-out>
    <![CDATA[generates the inconsistance bug]]>
  </system-out>
  <testcase classname="testNGFlag.Flag3" name="a" time="0.003"/>
  <system-out>
    <![CDATA[generates the inconsistance bug]]>
  </system-out>
  <testcase classname="testNGFlag.Flag3" name="a" time="0.005"/>
  <system-out>
    <![CDATA[generates the inconsistance bug]]>
  </system-out>
  <testcase classname="testNGFlag.Flag3" name="a" time="0.001"/>
  <system-out>
    <![CDATA[generates the inconsistance bug]]>
  </system-out>
  <testcase classname="testNGFlag.Flag3" name="a" time="0.001"/>
  <system-out>
    <![CDATA[generates the inconsistance bug]]>
  </system-out>
  <testcase classname="testNGFlag.Flag3" name="a" time="0.003"/>
  <system-out>
    <![CDATA[generates the inconsistance bug]]>
  </system-out>
  <testcase classname="testNGFlag.Flag3" name="a" time="0.002"/>
  <system-out>
    <![CDATA[generates the inconsistance bug]]>
  </system-out>
  <testcase classname="testNGFlag.Flag3" name="a" time="0.001"/>
  <system-out>
    <![CDATA[generates the inconsistance bug]]>
  </system-out>
  <testcase classname="testNGFlag.Flag3" name="a" time="0.002"/>
  <system-out>
    <![CDATA[generates the inconsistance bug]]>
  </system-out>
  <testcase classname="testNGFlag.Flag3" name="a" time="0.002"/>
  <system-out>
    <![CDATA[generates the inconsistance bug]]>
  </system-out>
  <testcase classname="testNGFlag.Flag3" name="a" time="0.003"/>
  <system-out>
    <![CDATA[generates the inconsistance bug]]>
  </system-out>
  <testcase classname="testNGFlag.Flag3" name="a" time="0.003"/>
  <system-out>
    <![CDATA[generates the inconsistance bug]]>
  </system-out>
  <testcase classname="testNGFlag.Flag3" name="a" time="0.005"/>
  <system-out>
    <![CDATA[generates the inconsistance bug]]>
  </system-out>
  <testcase classname="testNGFlag.Flag3" name="a" time="0.001"/>
  <system-out>
    <![CDATA[generates the inconsistance bug]]>
  </system-out>
  <testcase classname="testNGFlag.Flag3" name="a" time="0.001"/>
  <system-out>
    <![CDATA[generates the inconsistance bug]]>
  </system-out>
  <testcase classname="testNGFlag.Flag3" name="a" time="0.002"/>
  <system-out>
    <![CDATA[generates the inconsistance bug]]>
  </system-out>
  <testcase classname="testNGFlag.Flag3" name="a" time="0.002"/>
  <system-out>
    <![CDATA[generates the inconsistance bug]]>
  </system-out>
  <testcase classname="testNGFlag.Flag3" name="a" time="0.005"/>
  <system-out>
    <![CDATA[generates the inconsistance bug]]>
  </system-out>
  <testcase classname="testNGFlag.Flag3" name="a" time="0.001"/>
  <system-out>
    <![CDATA[generates the inconsistance bug]]>
  </system-out>
  <testcase classname="testNGFlag.Flag3" name="a" time="0.001"/>
  <system-out>
    <![CDATA[generates the inconsistance bug]]>
  </system-out>
  <testcase classname="testNGFlag.Flag3" name="a" time="0.015"/>
  <system-out>
    <![CDATA[generates the inconsistance bug]]>
  </system-out>
  <testcase classname="testNGFlag.Flag3" name="a" time="0.001"/>
  <system-out>
    <![CDATA[generates the inconsistance bug]]>
  </system-out>
  <testcase classname="testNGFlag.Flag3" name="a" time="0.005"/>
  <system-out>
    <![CDATA[generates the inconsistance bug]]>
  </system-out>
  <testcase classname="testNGFlag.Flag3" name="a" time="0.001"/>
  <system-out>
    <![CDATA[generates the inconsistance bug]]>
  </system-out>
  <testcase classname="testNGFlag.Flag3" name="a" time="0.002"/>
  <system-out>
    <![CDATA[generates the inconsistance bug]]>
  </system-out>
  <testcase classname="testNGFlag.Flag3" name="a" time="0.002"/>
  <system-out>
    <![CDATA[generates the inconsistance bug]]>
  </system-out>
  <testcase classname="testNGFlag.Flag3" name="a" time="0.001"/>
  <system-out>
    <![CDATA[generates the inconsistance bug]]>
  </system-out>
  <testcase classname="testNGFlag.Flag3" name="a" time="0.002"/>
  <system-out>
    <![CDATA[generates the inconsistance bug]]>
  </system-out>
  <testcase classname="testNGFlag.Flag3" name="a" time="0.001"/>
  <system-out>
    <![CDATA[generates the inconsistance bug]]>
  </system-out>
  <testcase classname="testNGFlag.Flag3" name="a" time="0.003"/>
  <system-out>
    <![CDATA[generates the inconsistance bug]]>
  </system-out>
  <testcase classname="testNGFlag.Flag3" name="a" time="0.001"/>
  <system-out>
    <![CDATA[generates the inconsistance bug]]>
  </system-out>
  <testcase classname="testNGFlag.Flag3" name="a" time="0.002"/>
  <system-out>
    <![CDATA[generates the inconsistance bug]]>
  </system-out>
  <testcase classname="testNGFlag.Flag3" name="a" time="0.004"/>
  <system-out>
    <![CDATA[generates the inconsistance bug]]>
  </system-out>
  <testcase classname="testNGFlag.Flag3" name="a" time="0.001"/>
  <system-out>
    <![CDATA[generates the inconsistance bug]]>
  </system-out>
  <testcase classname="testNGFlag.Flag3" name="a" time="0.001"/>
  <system-out>
    <![CDATA[generates the inconsistance bug]]>
  </system-out>
  <testcase classname="testNGFlag.Flag3" name="a" time="0.003"/>
  <system-out>
    <![CDATA[generates the inconsistance bug]]>
  </system-out>
  <testcase classname="testNGFlag.Flag3" name="a" time="0.004"/>
  <system-out>
    <![CDATA[generates the inconsistance bug]]>
  </system-out>
  <testcase classname="testNGFlag.Flag3" name="a" time="0.001"/>
  <system-out>
    <![CDATA[generates the inconsistance bug]]>
  </system-out>
  <testcase classname="testNGFlag.Flag3" name="a" time="0.002"/>
  <system-out>
    <![CDATA[generates the inconsistance bug]]>
  </system-out>
  <testcase classname="testNGFlag.Flag3" name="a" time="0.002"/>
  <system-out>
    <![CDATA[generates the inconsistance bug]]>
  </system-out>
</testsuite> <!-- testNGFlag.Flag3 -->
