<?xml version="1.0" encoding="UTF-8"?>
<!-- Generated by org.testng.reporters.JUnitReportReporter -->
<testsuite hostname="LAPTOP-V8HO2LFD" failures="0" tests="2" name="TestNgParallelExecution.ParallelMethodsExection" time="0.027" errors="0" timestamp="2022-02-24T08:53:59 IST" skipped="0">
  <testcase classname="TestNgParallelExecution.ParallelMethodsExection" name="method1" time="0.025"/>
  <system-out>
    <![CDATA[method1
1 ]]>
  </system-out>
  <testcase classname="TestNgParallelExecution.ParallelMethodsExection" name="method2" time="0.002"/>
  <system-out>
    <![CDATA[method2
1 ]]>
  </system-out>
</testsuite> <!-- TestNgParallelExecution.ParallelMethodsExection -->
