<?xml version="1.0" encoding="UTF-8"?>
<!-- Generated by org.testng.reporters.JUnitReportReporter -->
<testsuite hostname="LAPTOP-V8HO2LFD" failures="0" tests="2" name="TestNGAnotations.TestNG12" time="0.012" errors="0" timestamp="2022-02-23T08:52:15 IST" skipped="0">
  <testcase classname="TestNGAnotations.TestNG12" name="testScrip2" time="0.003"/>
  <system-out>
    <![CDATA[testScript2]]>
  </system-out>
  <testcase classname="TestNGAnotations.TestNG12" name="testScrip1" time="0.009"/>
  <system-out>
    <![CDATA[testScript1]]>
  </system-out>
</testsuite> <!-- TestNGAnotations.TestNG12 -->
