<?xml version="1.0" encoding="UTF-8"?>
<!-- Generated by org.testng.reporters.JUnitReportReporter -->
<testsuite hostname="LAPTOP-V8HO2LFD" failures="0" tests="18" name="testNGFlag.Flag7" time="0.055" errors="0" timestamp="2022-02-19T19:03:03 IST" skipped="0">
  <testcase classname="testNGFlag.Flag7" name="ft6" time="0.003"/>
  <system-out>
    <![CDATA[functional test case 6]]>
  </system-out>
  <testcase classname="testNGFlag.Flag7" name="st6" time="0.001"/>
  <system-out>
    <![CDATA[Smoke test case 6]]>
  </system-out>
  <testcase classname="testNGFlag.Flag7" name="it3" time="0.002"/>
  <system-out>
    <![CDATA[integration test case 3]]>
  </system-out>
  <testcase classname="testNGFlag.Flag7" name="it6" time="0.006"/>
  <system-out>
    <![CDATA[integration test case 6]]>
  </system-out>
  <testcase classname="testNGFlag.Flag7" name="st5" time="0.001"/>
  <system-out>
    <![CDATA[Smoke test case 5]]>
  </system-out>
  <testcase classname="testNGFlag.Flag7" name="ft1" time="0.012"/>
  <system-out>
    <![CDATA[functional test case 1]]>
  </system-out>
  <testcase classname="testNGFlag.Flag7" name="it2" time="0.002"/>
  <system-out>
    <![CDATA[integration test case 2]]>
  </system-out>
  <testcase classname="testNGFlag.Flag7" name="st1" time="0.001"/>
  <system-out>
    <![CDATA[Smoke test case 1]]>
  </system-out>
  <testcase classname="testNGFlag.Flag7" name="st2" time="0.002"/>
  <system-out>
    <![CDATA[Smoke test case 2]]>
  </system-out>
  <testcase classname="testNGFlag.Flag7" name="ft2" time="0.003"/>
  <system-out>
    <![CDATA[functional test case 2]]>
  </system-out>
  <testcase classname="testNGFlag.Flag7" name="ft4" time="0.002"/>
  <system-out>
    <![CDATA[functional test case 4]]>
  </system-out>
  <testcase classname="testNGFlag.Flag7" name="st4" time="0.002"/>
  <system-out>
    <![CDATA[Smoke test case 4]]>
  </system-out>
  <testcase classname="testNGFlag.Flag7" name="ft5" time="0.002"/>
  <system-out>
    <![CDATA[functional test case 5]]>
  </system-out>
  <testcase classname="testNGFlag.Flag7" name="it5" time="0.003"/>
  <system-out>
    <![CDATA[integration test case 5]]>
  </system-out>
  <testcase classname="testNGFlag.Flag7" name="it4" time="0.004"/>
  <system-out>
    <![CDATA[integration test case 4]]>
  </system-out>
  <testcase classname="testNGFlag.Flag7" name="it1" time="0.002"/>
  <system-out>
    <![CDATA[integration test case 1]]>
  </system-out>
  <testcase classname="testNGFlag.Flag7" name="st3" time="0.001"/>
  <system-out>
    <![CDATA[Smoke test case 3]]>
  </system-out>
  <testcase classname="testNGFlag.Flag7" name="ft3" time="0.006"/>
  <system-out>
    <![CDATA[functional test case 3]]>
  </system-out>
</testsuite> <!-- testNGFlag.Flag7 -->
