<?xml version="1.0" encoding="UTF-8"?>
<!-- Generated by org.testng.reporters.JUnitReportReporter -->
<testsuite hostname="LAPTOP-V8HO2LFD" failures="0" tests="1" name="TestNG.Remo" time="0.002" errors="0" timestamp="2022-02-18T09:19:21 IST" skipped="0">
  <testcase classname="TestNG.Remo" name="c" time="0.002"/>
  <system-out>
    <![CDATA[Remo class]]>
  </system-out>
</testsuite> <!-- TestNG.Remo -->
