<?xml version="1.0" encoding="UTF-8"?>
<!-- Generated by org.testng.reporters.JUnitReportReporter -->
<testsuite hostname="LAPTOP-V8HO2LFD" failures="0" tests="1" name="testNGFlag.Flag2" time="0.017" errors="0" timestamp="2022-02-19T08:34:11 IST" skipped="0">
  <testcase classname="testNGFlag.Flag2" name="login" time="0.017"/>
  <system-out>
    <![CDATA[Login is successful]]>
  </system-out>
</testsuite> <!-- testNGFlag.Flag2 -->
