<?xml version="1.0" encoding="UTF-8"?>
<!-- Generated by org.testng.reporters.JUnitReportReporter -->
<testsuite hostname="LAPTOP-V8HO2LFD" failures="0" tests="1" name="TestNgParallelExecution.Class3" time="140.681" errors="0" timestamp="2022-02-23T10:09:54 IST" skipped="0">
  <testcase classname="TestNgParallelExecution.Class3" name="test3" time="140.681"/>
  <system-out/>
</testsuite> <!-- TestNgParallelExecution.Class3 -->
