<?xml version="1.0" encoding="UTF-8"?>
<!-- Generated by org.testng.reporters.JUnitReportReporter -->
<testsuite hostname="LAPTOP-V8HO2LFD" failures="0" tests="2" name="testNGFlag.Flag6" time="0.013" errors="0" timestamp="2022-02-19T09:13:50 IST" skipped="1">
  <testcase classname="testNGFlag.Flag6" name="f" time="0.013"/>
  <system-out>
    <![CDATA[test case go executed]]>
  </system-out>
  <testcase classname="testNGFlag.Flag6" name="g">
    <skipped/>
  </testcase> <!-- g -->
  <system-out/>
</testsuite> <!-- testNGFlag.Flag6 -->
