<?xml version="1.0" encoding="UTF-8"?>
<!-- Generated by org.testng.reporters.JUnitReportReporter -->
<testsuite hostname="LAPTOP-V8HO2LFD" failures="0" tests="1" name="TestNGAssertion.OrangeHrm" time="28.734" errors="0" timestamp="2022-02-22T09:58:25 IST" skipped="0">
  <testcase classname="TestNGAssertion.OrangeHrm" name="testScript_2" time="28.734"/>
  <system-out/>
</testsuite> <!-- TestNGAssertion.OrangeHrm -->
