<?xml version="1.0" encoding="UTF-8"?>
<!-- Generated by org.testng.reporters.JUnitReportReporter -->
<testsuite hostname="LAPTOP-V8HO2LFD" failures="0" tests="1" name="TestNgParallelExecution.Class4" time="140.503" errors="0" timestamp="2022-02-23T10:09:54 IST" skipped="0">
  <testcase classname="TestNgParallelExecution.Class4" name="test1" time="140.503"/>
  <system-out/>
</testsuite> <!-- TestNgParallelExecution.Class4 -->
