<?xml version="1.0" encoding="UTF-8"?>
<!-- Generated by org.testng.reporters.JUnitReportReporter -->
<testsuite hostname="LAPTOP-V8HO2LFD" failures="0" tests="1" name="TestNG.Sumo" time="0.003" errors="0" timestamp="2022-02-18T09:19:21 IST" skipped="0">
  <testcase classname="TestNG.Sumo" name="e" time="0.003"/>
  <system-out>
    <![CDATA[Sumo class]]>
  </system-out>
</testsuite> <!-- TestNG.Sumo -->
