<?xml version="1.0" encoding="UTF-8"?>
<!-- Generated by org.testng.reporters.JUnitReportReporter -->
<testsuite hostname="LAPTOP-V8HO2LFD" failures="0" tests="2" name="testNGFlag.Flag4" time="0.016" errors="0" timestamp="2022-02-19T08:45:45 IST" skipped="0">
  <testcase classname="testNGFlag.Flag4" name="signin" time="0.015"/>
  <system-out>
    <![CDATA[login feature]]>
  </system-out>
  <testcase classname="testNGFlag.Flag4" name="logout" time="0.001"/>
  <system-out>
    <![CDATA[logout feature]]>
  </system-out>
</testsuite> <!-- testNGFlag.Flag4 -->
