<?xml version="1.0" encoding="UTF-8"?>
<!-- Generated by org.testng.reporters.JUnitReportReporter -->
<testsuite hostname="LAPTOP-V8HO2LFD" failures="0" tests="1" name="TestNGAnotations.TestValidLogin" time="33.326" errors="0" timestamp="2022-02-23T09:20:49 IST" skipped="0">
  <testcase classname="TestNGAnotations.TestValidLogin" name="validLogin" time="33.326"/>
  <system-out/>
</testsuite> <!-- TestNGAnotations.TestValidLogin -->
