<?xml version="1.0" encoding="UTF-8"?>
<!-- Generated by org.testng.reporters.JUnitReportReporter -->
<testsuite hostname="LAPTOP-V8HO2LFD" failures="0" tests="1" name="org.TestActiTimeProject.LaunchActiTime" time="24.251" errors="0" timestamp="2022-03-01T10:01:13 IST" skipped="0">
  <testcase classname="org.TestActiTimeProject.LaunchActiTime" name="launchActiTime" time="24.251"/>
  <system-out/>
</testsuite> <!-- org.TestActiTimeProject.LaunchActiTime -->
